<?xml version="1.0" encoding="UTF-8"?>
<testsuite xmlns:xsi="http://www.w3.org/2001/XMLSchema-instance" xsi:noNamespaceSchemaLocation="https://maven.apache.org/surefire/maven-surefire-plugin/xsd/surefire-test-report.xsd" name="com.kuang.helloworld.HelloworldApplicationTests" time="2.58" tests="1" errors="0" skipped="0" failures="0">
  <properties>
    <property name="sun.desktop" value="windows"/>
    <property name="awt.toolkit" value="sun.awt.windows.WToolkit"/>
    <property name="file.encoding.pkg" value="sun.io"/>
    <property name="java.specification.version" value="1.8"/>
    <property name="sun.cpu.isalist" value="amd64"/>
    <property name="sun.jnu.encoding" value="GBK"/>
    <property name="java.class.path" value="E:\springboot\helloworld\helloworld\target\test-classes;E:\springboot\helloworld\helloworld\target\classes;d:\localRepository\org\springframework\boot\spring-boot-starter-web\2.6.1\spring-boot-starter-web-2.6.1.jar;d:\localRepository\org\springframework\boot\spring-boot-starter\2.6.1\spring-boot-starter-2.6.1.jar;d:\localRepository\org\springframework\boot\spring-boot\2.6.1\spring-boot-2.6.1.jar;d:\localRepository\org\springframework\boot\spring-boot-autoconfigure\2.6.1\spring-boot-autoconfigure-2.6.1.jar;d:\localRepository\org\springframework\boot\spring-boot-starter-logging\2.6.1\spring-boot-starter-logging-2.6.1.jar;d:\localRepository\ch\qos\logback\logback-classic\1.2.7\logback-classic-1.2.7.jar;d:\localRepository\ch\qos\logback\logback-core\1.2.7\logback-core-1.2.7.jar;d:\localRepository\org\apache\logging\log4j\log4j-to-slf4j\2.14.1\log4j-to-slf4j-2.14.1.jar;d:\localRepository\org\apache\logging\log4j\log4j-api\2.14.1\log4j-api-2.14.1.jar;d:\localRepository\org\slf4j\jul-to-slf4j\1.7.32\jul-to-slf4j-1.7.32.jar;d:\localRepository\jakarta\annotation\jakarta.annotation-api\1.3.5\jakarta.annotation-api-1.3.5.jar;d:\localRepository\org\yaml\snakeyaml\1.29\snakeyaml-1.29.jar;d:\localRepository\org\springframework\boot\spring-boot-starter-json\2.6.1\spring-boot-starter-json-2.6.1.jar;d:\localRepository\com\fasterxml\jackson\core\jackson-databind\2.13.0\jackson-databind-2.13.0.jar;d:\localRepository\com\fasterxml\jackson\core\jackson-annotations\2.13.0\jackson-annotations-2.13.0.jar;d:\localRepository\com\fasterxml\jackson\core\jackson-core\2.13.0\jackson-core-2.13.0.jar;d:\localRepository\com\fasterxml\jackson\datatype\jackson-datatype-jdk8\2.13.0\jackson-datatype-jdk8-2.13.0.jar;d:\localRepository\com\fasterxml\jackson\datatype\jackson-datatype-jsr310\2.13.0\jackson-datatype-jsr310-2.13.0.jar;d:\localRepository\com\fasterxml\jackson\module\jackson-module-parameter-names\2.13.0\jackson-module-parameter-names-2.13.0.jar;d:\localRepository\org\springframework\boot\spring-boot-starter-tomcat\2.6.1\spring-boot-starter-tomcat-2.6.1.jar;d:\localRepository\org\apache\tomcat\embed\tomcat-embed-core\9.0.55\tomcat-embed-core-9.0.55.jar;d:\localRepository\org\apache\tomcat\embed\tomcat-embed-el\9.0.55\tomcat-embed-el-9.0.55.jar;d:\localRepository\org\apache\tomcat\embed\tomcat-embed-websocket\9.0.55\tomcat-embed-websocket-9.0.55.jar;d:\localRepository\org\springframework\spring-web\5.3.13\spring-web-5.3.13.jar;d:\localRepository\org\springframework\spring-beans\5.3.13\spring-beans-5.3.13.jar;d:\localRepository\org\springframework\spring-webmvc\5.3.13\spring-webmvc-5.3.13.jar;d:\localRepository\org\springframework\spring-aop\5.3.13\spring-aop-5.3.13.jar;d:\localRepository\org\springframework\spring-context\5.3.13\spring-context-5.3.13.jar;d:\localRepository\org\springframework\spring-expression\5.3.13\spring-expression-5.3.13.jar;d:\localRepository\org\springframework\boot\spring-boot-starter-test\2.6.1\spring-boot-starter-test-2.6.1.jar;d:\localRepository\org\springframework\boot\spring-boot-test\2.6.1\spring-boot-test-2.6.1.jar;d:\localRepository\org\springframework\boot\spring-boot-test-autoconfigure\2.6.1\spring-boot-test-autoconfigure-2.6.1.jar;d:\localRepository\com\jayway\jsonpath\json-path\2.6.0\json-path-2.6.0.jar;d:\localRepository\net\minidev\json-smart\2.4.7\json-smart-2.4.7.jar;d:\localRepository\net\minidev\accessors-smart\2.4.7\accessors-smart-2.4.7.jar;d:\localRepository\org\ow2\asm\asm\9.1\asm-9.1.jar;d:\localRepository\org\slf4j\slf4j-api\1.7.32\slf4j-api-1.7.32.jar;d:\localRepository\jakarta\xml\bind\jakarta.xml.bind-api\2.3.3\jakarta.xml.bind-api-2.3.3.jar;d:\localRepository\jakarta\activation\jakarta.activation-api\1.2.2\jakarta.activation-api-1.2.2.jar;d:\localRepository\org\assertj\assertj-core\3.21.0\assertj-core-3.21.0.jar;d:\localRepository\org\hamcrest\hamcrest\2.2\hamcrest-2.2.jar;d:\localRepository\org\junit\jupiter\junit-jupiter\5.8.1\junit-jupiter-5.8.1.jar;d:\localRepository\org\junit\jupiter\junit-jupiter-api\5.8.1\junit-jupiter-api-5.8.1.jar;d:\localRepository\org\opentest4j\opentest4j\1.2.0\opentest4j-1.2.0.jar;d:\localRepository\org\junit\platform\junit-platform-commons\1.8.1\junit-platform-commons-1.8.1.jar;d:\localRepository\org\apiguardian\apiguardian-api\1.1.2\apiguardian-api-1.1.2.jar;d:\localRepository\org\junit\jupiter\junit-jupiter-params\5.8.1\junit-jupiter-params-5.8.1.jar;d:\localRepository\org\junit\jupiter\junit-jupiter-engine\5.8.1\junit-jupiter-engine-5.8.1.jar;d:\localRepository\org\junit\platform\junit-platform-engine\1.8.1\junit-platform-engine-1.8.1.jar;d:\localRepository\org\mockito\mockito-core\4.0.0\mockito-core-4.0.0.jar;d:\localRepository\net\bytebuddy\byte-buddy\1.11.22\byte-buddy-1.11.22.jar;d:\localRepository\net\bytebuddy\byte-buddy-agent\1.11.22\byte-buddy-agent-1.11.22.jar;d:\localRepository\org\objenesis\objenesis\3.2\objenesis-3.2.jar;d:\localRepository\org\mockito\mockito-junit-jupiter\4.0.0\mockito-junit-jupiter-4.0.0.jar;d:\localRepository\org\skyscreamer\jsonassert\1.5.0\jsonassert-1.5.0.jar;d:\localRepository\com\vaadin\external\google\android-json\0.0.20131108.vaadin1\android-json-0.0.20131108.vaadin1.jar;d:\localRepository\org\springframework\spring-core\5.3.13\spring-core-5.3.13.jar;d:\localRepository\org\springframework\spring-jcl\5.3.13\spring-jcl-5.3.13.jar;d:\localRepository\org\springframework\spring-test\5.3.13\spring-test-5.3.13.jar;d:\localRepository\org\xmlunit\xmlunit-core\2.8.3\xmlunit-core-2.8.3.jar;"/>
    <property name="java.vm.vendor" value="Amazon.com Inc."/>
    <property name="sun.arch.data.model" value="64"/>
    <property name="user.variant" value=""/>
    <property name="java.vendor.url" value="https://aws.amazon.com/corretto/"/>
    <property name="user.timezone" value="Asia/Shanghai"/>
    <property name="java.vm.specification.version" value="1.8"/>
    <property name="os.name" value="Windows 10"/>
    <property name="user.country" value="CN"/>
    <property name="sun.java.launcher" value="SUN_STANDARD"/>
    <property name="sun.boot.library.path" value="D:\jdk1.8\jre\bin"/>
    <property name="sun.java.command" value="C:\Users\ADMINI~1\AppData\Local\Temp\surefire6743076337575760416\surefirebooter1846698843040734095.jar C:\Users\Administrator\AppData\Local\Temp\surefire6743076337575760416 2021-12-08T11-40-50_817-jvmRun1 surefire4695775431640940748tmp surefire_0549065479400946197tmp"/>
    <property name="surefire.test.class.path" value="E:\springboot\helloworld\helloworld\target\test-classes;E:\springboot\helloworld\helloworld\target\classes;d:\localRepository\org\springframework\boot\spring-boot-starter-web\2.6.1\spring-boot-starter-web-2.6.1.jar;d:\localRepository\org\springframework\boot\spring-boot-starter\2.6.1\spring-boot-starter-2.6.1.jar;d:\localRepository\org\springframework\boot\spring-boot\2.6.1\spring-boot-2.6.1.jar;d:\localRepository\org\springframework\boot\spring-boot-autoconfigure\2.6.1\spring-boot-autoconfigure-2.6.1.jar;d:\localRepository\org\springframework\boot\spring-boot-starter-logging\2.6.1\spring-boot-starter-logging-2.6.1.jar;d:\localRepository\ch\qos\logback\logback-classic\1.2.7\logback-classic-1.2.7.jar;d:\localRepository\ch\qos\logback\logback-core\1.2.7\logback-core-1.2.7.jar;d:\localRepository\org\apache\logging\log4j\log4j-to-slf4j\2.14.1\log4j-to-slf4j-2.14.1.jar;d:\localRepository\org\apache\logging\log4j\log4j-api\2.14.1\log4j-api-2.14.1.jar;d:\localRepository\org\slf4j\jul-to-slf4j\1.7.32\jul-to-slf4j-1.7.32.jar;d:\localRepository\jakarta\annotation\jakarta.annotation-api\1.3.5\jakarta.annotation-api-1.3.5.jar;d:\localRepository\org\yaml\snakeyaml\1.29\snakeyaml-1.29.jar;d:\localRepository\org\springframework\boot\spring-boot-starter-json\2.6.1\spring-boot-starter-json-2.6.1.jar;d:\localRepository\com\fasterxml\jackson\core\jackson-databind\2.13.0\jackson-databind-2.13.0.jar;d:\localRepository\com\fasterxml\jackson\core\jackson-annotations\2.13.0\jackson-annotations-2.13.0.jar;d:\localRepository\com\fasterxml\jackson\core\jackson-core\2.13.0\jackson-core-2.13.0.jar;d:\localRepository\com\fasterxml\jackson\datatype\jackson-datatype-jdk8\2.13.0\jackson-datatype-jdk8-2.13.0.jar;d:\localRepository\com\fasterxml\jackson\datatype\jackson-datatype-jsr310\2.13.0\jackson-datatype-jsr310-2.13.0.jar;d:\localRepository\com\fasterxml\jackson\module\jackson-module-parameter-names\2.13.0\jackson-module-parameter-names-2.13.0.jar;d:\localRepository\org\springframework\boot\spring-boot-starter-tomcat\2.6.1\spring-boot-starter-tomcat-2.6.1.jar;d:\localRepository\org\apache\tomcat\embed\tomcat-embed-core\9.0.55\tomcat-embed-core-9.0.55.jar;d:\localRepository\org\apache\tomcat\embed\tomcat-embed-el\9.0.55\tomcat-embed-el-9.0.55.jar;d:\localRepository\org\apache\tomcat\embed\tomcat-embed-websocket\9.0.55\tomcat-embed-websocket-9.0.55.jar;d:\localRepository\org\springframework\spring-web\5.3.13\spring-web-5.3.13.jar;d:\localRepository\org\springframework\spring-beans\5.3.13\spring-beans-5.3.13.jar;d:\localRepository\org\springframework\spring-webmvc\5.3.13\spring-webmvc-5.3.13.jar;d:\localRepository\org\springframework\spring-aop\5.3.13\spring-aop-5.3.13.jar;d:\localRepository\org\springframework\spring-context\5.3.13\spring-context-5.3.13.jar;d:\localRepository\org\springframework\spring-expression\5.3.13\spring-expression-5.3.13.jar;d:\localRepository\org\springframework\boot\spring-boot-starter-test\2.6.1\spring-boot-starter-test-2.6.1.jar;d:\localRepository\org\springframework\boot\spring-boot-test\2.6.1\spring-boot-test-2.6.1.jar;d:\localRepository\org\springframework\boot\spring-boot-test-autoconfigure\2.6.1\spring-boot-test-autoconfigure-2.6.1.jar;d:\localRepository\com\jayway\jsonpath\json-path\2.6.0\json-path-2.6.0.jar;d:\localRepository\net\minidev\json-smart\2.4.7\json-smart-2.4.7.jar;d:\localRepository\net\minidev\accessors-smart\2.4.7\accessors-smart-2.4.7.jar;d:\localRepository\org\ow2\asm\asm\9.1\asm-9.1.jar;d:\localRepository\org\slf4j\slf4j-api\1.7.32\slf4j-api-1.7.32.jar;d:\localRepository\jakarta\xml\bind\jakarta.xml.bind-api\2.3.3\jakarta.xml.bind-api-2.3.3.jar;d:\localRepository\jakarta\activation\jakarta.activation-api\1.2.2\jakarta.activation-api-1.2.2.jar;d:\localRepository\org\assertj\assertj-core\3.21.0\assertj-core-3.21.0.jar;d:\localRepository\org\hamcrest\hamcrest\2.2\hamcrest-2.2.jar;d:\localRepository\org\junit\jupiter\junit-jupiter\5.8.1\junit-jupiter-5.8.1.jar;d:\localRepository\org\junit\jupiter\junit-jupiter-api\5.8.1\junit-jupiter-api-5.8.1.jar;d:\localRepository\org\opentest4j\opentest4j\1.2.0\opentest4j-1.2.0.jar;d:\localRepository\org\junit\platform\junit-platform-commons\1.8.1\junit-platform-commons-1.8.1.jar;d:\localRepository\org\apiguardian\apiguardian-api\1.1.2\apiguardian-api-1.1.2.jar;d:\localRepository\org\junit\jupiter\junit-jupiter-params\5.8.1\junit-jupiter-params-5.8.1.jar;d:\localRepository\org\junit\jupiter\junit-jupiter-engine\5.8.1\junit-jupiter-engine-5.8.1.jar;d:\localRepository\org\junit\platform\junit-platform-engine\1.8.1\junit-platform-engine-1.8.1.jar;d:\localRepository\org\mockito\mockito-core\4.0.0\mockito-core-4.0.0.jar;d:\localRepository\net\bytebuddy\byte-buddy\1.11.22\byte-buddy-1.11.22.jar;d:\localRepository\net\bytebuddy\byte-buddy-agent\1.11.22\byte-buddy-agent-1.11.22.jar;d:\localRepository\org\objenesis\objenesis\3.2\objenesis-3.2.jar;d:\localRepository\org\mockito\mockito-junit-jupiter\4.0.0\mockito-junit-jupiter-4.0.0.jar;d:\localRepository\org\skyscreamer\jsonassert\1.5.0\jsonassert-1.5.0.jar;d:\localRepository\com\vaadin\external\google\android-json\0.0.20131108.vaadin1\android-json-0.0.20131108.vaadin1.jar;d:\localRepository\org\springframework\spring-core\5.3.13\spring-core-5.3.13.jar;d:\localRepository\org\springframework\spring-jcl\5.3.13\spring-jcl-5.3.13.jar;d:\localRepository\org\springframework\spring-test\5.3.13\spring-test-5.3.13.jar;d:\localRepository\org\xmlunit\xmlunit-core\2.8.3\xmlunit-core-2.8.3.jar;"/>
    <property name="sun.cpu.endian" value="little"/>
    <property name="user.home" value="C:\Users\Administrator"/>
    <property name="user.language" value="zh"/>
    <property name="java.specification.vendor" value="Oracle Corporation"/>
    <property name="java.home" value="D:\jdk1.8\jre"/>
    <property name="basedir" value="E:\springboot\helloworld\helloworld"/>
    <property name="file.separator" value="\"/>
    <property name="line.separator" value="&#10;"/>
    <property name="java.vm.specification.vendor" value="Oracle Corporation"/>
    <property name="java.specification.name" value="Java Platform API Specification"/>
    <property name="java.awt.graphicsenv" value="sun.awt.Win32GraphicsEnvironment"/>
    <property name="surefire.real.class.path" value="C:\Users\ADMINI~1\AppData\Local\Temp\surefire6743076337575760416\surefirebooter1846698843040734095.jar"/>
    <property name="sun.boot.class.path" value="D:\jdk1.8\jre\lib\resources.jar;D:\jdk1.8\jre\lib\rt.jar;D:\jdk1.8\jre\lib\sunrsasign.jar;D:\jdk1.8\jre\lib\jsse.jar;D:\jdk1.8\jre\lib\jce.jar;D:\jdk1.8\jre\lib\charsets.jar;D:\jdk1.8\jre\lib\jfr.jar;D:\jdk1.8\jre\classes"/>
    <property name="user.script" value=""/>
    <property name="sun.management.compiler" value="HotSpot 64-Bit Tiered Compilers"/>
    <property name="java.runtime.version" value="1.8.0_312-b07"/>
    <property name="user.name" value="Administrator"/>
    <property name="path.separator" value=";"/>
    <property name="os.version" value="10.0"/>
    <property name="java.endorsed.dirs" value="D:\jdk1.8\jre\lib\endorsed"/>
    <property name="java.runtime.name" value="OpenJDK Runtime Environment"/>
    <property name="file.encoding" value="GBK"/>
    <property name="java.vm.name" value="OpenJDK 64-Bit Server VM"/>
    <property name="localRepository" value="d:\localRepository"/>
    <property name="java.vendor.url.bug" value="https://github.com/corretto/corretto-8/issues/"/>
    <property name="java.io.tmpdir" value="C:\Users\ADMINI~1\AppData\Local\Temp\"/>
    <property name="idea.version" value="2021.2.1"/>
    <property name="java.version" value="1.8.0_312"/>
    <property name="user.dir" value="E:\springboot\helloworld\helloworld"/>
    <property name="os.arch" value="amd64"/>
    <property name="java.vm.specification.name" value="Java Virtual Machine Specification"/>
    <property name="java.awt.printerjob" value="sun.awt.windows.WPrinterJob"/>
    <property name="sun.os.patch.level" value=""/>
    <property name="java.library.path" value="D:\jdk1.8\jre\bin;C:\WINDOWS\Sun\Java\bin;C:\WINDOWS\system32;C:\WINDOWS;C:\WINDOWS\system32;C:\WINDOWS;C:\WINDOWS\System32\Wbem;C:\WINDOWS\System32\WindowsPowerShell\v1.0\;C:\WINDOWS\System32\OpenSSH\;C:\Program Files\MySQL\MySQL Server 8.0\bin;D:\Program Files\Git\cmd;D:\jdk1.8\bin;D:\Program Files (x86)\NetSarang\Xshell 7\;D:\Program Files\nodejs\;C:\Users\Administrator\AppData\Local\Microsoft\WindowsApps;D:\phpEnv\php\php-7.3;C:\Users\Administrator\AppData\Local\ComposerSetup\bin;C:\Users\Administrator\AppData\Roaming\Composer\vendor\bin;D:\tool\apache-maven-3.8.3-bin\apache-maven-3.8.3\bin;;D:\Microsoft VS Code\bin;C:\Users\Administrator\AppData\Roaming\npm;."/>
    <property name="java.vm.info" value="mixed mode"/>
    <property name="java.vendor" value="Amazon.com Inc."/>
    <property name="java.vm.version" value="25.312-b07"/>
    <property name="java.ext.dirs" value="D:\jdk1.8\jre\lib\ext;C:\WINDOWS\Sun\Java\lib\ext"/>
    <property name="sun.io.unicode.encoding" value="UnicodeLittle"/>
    <property name="java.class.version" value="52.0"/>
  </properties>
  <testcase name="contextLoads" classname="com.kuang.helloworld.HelloworldApplicationTests" time="0.28"/>
</testsuite>